<?xml version="1.0" encoding="UTF-8"?>
<!-- Generated by org.testng.reporters.JUnitXMLReporter -->
<testsuite hostname="Danzee" ignored="0" name="Almosafer2Scenario2" tests="1" failures="1" timestamp="29 Sep 2019 07:21:01 GMT" time="226.871" errors="0">
  <testcase name="scenario2" time="212.673" classname="tests.Scenario2">
    <failure type="junit.framework.ComparisonFailure" message="Highest price on price filter is not equal to last flight price in sort by cheapest search results expected:&amp;lt;166...&amp;gt; but was:&amp;lt;453...&amp;gt;">
      <![CDATA[junit.framework.ComparisonFailure: Highest price on price filter is not equal to last flight price in sort by cheapest search results expected:<166...> but was:<453...>
at junit.framework.Assert.assertEquals(Assert.java:81)
at PageMethods.FlightListingPage.comparePrices(FlightListingPage.java:158)
at tests.Scenario2.scenario2(Scenario2.java:19)
... Removed 25 stack frames]]>
    </failure>
  </testcase> <!-- scenario2 -->
</testsuite> <!-- Almosafer2Scenario2 -->
