<?xml version="1.0" encoding="UTF-8"?>
<!-- Generated by org.testng.reporters.JUnitXMLReporter -->
<testsuite hostname="Danzee" ignored="0" name="Scenario1Almosafer" tests="1" failures="0" timestamp="26 Sep 2019 16:23:06 GMT" time="0.019" errors="0">
  <testcase name="@BeforeTest startBrowser" time="0.004" classname="resources.BaseClass">
    <failure type="org.openqa.selenium.NoSuchSessionException" message="Session ID is null. Using WebDriver after calling quit()?
Build info: version: &amp;apos;3.14.0&amp;apos;, revision: &amp;apos;aacccce0&amp;apos;, time: &amp;apos;2018-08-02T20:19:58.91Z&amp;apos;
System info: host: &amp;apos;DANZEE&amp;apos;, ip: &amp;apos;192.168.56.1&amp;apos;, os.name: &amp;apos;Windows 10&amp;apos;, os.arch: &amp;apos;amd64&amp;apos;, os.version: &amp;apos;10.0&amp;apos;, java.version: &amp;apos;1.8.0_161&amp;apos;
Driver info: driver.version: RemoteWebDriver">
      <![CDATA[org.openqa.selenium.NoSuchSessionException: Session ID is null. Using WebDriver after calling quit()?
Build info: version: '3.14.0', revision: 'aacccce0', time: '2018-08-02T20:19:58.91Z'
System info: host: 'DANZEE', ip: '192.168.56.1', os.name: 'Windows 10', os.arch: 'amd64', os.version: '10.0', java.version: '1.8.0_161'
Driver info: driver.version: RemoteWebDriver
at org.openqa.selenium.remote.HttpCommandExecutor.execute(HttpCommandExecutor.java:125)
at org.openqa.selenium.remote.service.DriverCommandExecutor.execute(DriverCommandExecutor.java:83)
at org.openqa.selenium.remote.RemoteWebDriver.execute(RemoteWebDriver.java:548)
at org.openqa.selenium.remote.RemoteWebDriver.get(RemoteWebDriver.java:276)
at resources.BaseClass.startBrowser(BaseClass.java:40)
... Removed 24 stack frames]]>
    </failure>
  </testcase> <!-- @BeforeTest startBrowser -->
  <testcase name="@AfterTest closeBrowser" time="0.0" classname="resources.BaseClass">
    <skipped/>
  </testcase> <!-- @AfterTest closeBrowser -->
  <testcase name="test" time="0.0" classname="tests.Scenario1">
    <skipped/>
  </testcase> <!-- test -->
</testsuite> <!-- Scenario1Almosafer -->
