<?xml version="1.0" encoding="UTF-8"?>
<!-- Generated by org.testng.reporters.JUnitXMLReporter -->
<testsuite hostname="Danzee" ignored="2" name="Tajawal" tests="2" failures="0" timestamp="28 Sep 2019 20:03:00 GMT" time="94.445" errors="0">
  <testcase name="@AfterClass killDriver" time="0.0" classname="resources.BaseClass">
    <failure type="org.testng.TestNGException" message="
Can inject only one of &amp;lt;ITestContext, XmlTest&amp;gt; into a @AfterClass annotated killDriver.
For more information on native dependency injection please refer to http://testng.org/doc/documentation-main.html#native-dependency-injection">
      <![CDATA[org.testng.TestNGException: 
Can inject only one of <ITestContext, XmlTest> into a @AfterClass annotated killDriver.
For more information on native dependency injection please refer to http://testng.org/doc/documentation-main.html#native-dependency-injection
... Removed 23 stack frames]]>
    </failure>
  </testcase> <!-- @AfterClass killDriver -->
  <testcase name="@BeforeClass setUpDriver" time="0.0" classname="resources.BaseClass">
    <skipped/>
  </testcase> <!-- @BeforeClass setUpDriver -->
  <testcase name="@BeforeClass startBrowser" time="0.0" classname="resources.BaseClass">
    <skipped/>
  </testcase> <!-- @BeforeClass startBrowser -->
  <testcase name="@AfterClass killDriver" time="0.0" classname="resources.BaseClass">
    <skipped/>
  </testcase> <!-- @AfterClass killDriver -->
  <testcase name="test" time="73.919" classname="tests.Scenario1"/>
  <testcase name="test" time="0.0" classname="tests.Scenario2">
    <skipped/>
  </testcase> <!-- test -->
  <testcase name="@AfterSuite killAllDrivers" time="0.0" classname="resources.BaseClass">
    <ignored/>
  </testcase> <!-- @AfterSuite killAllDrivers -->
  <testcase name="@BeforeTest beforeTest" time="0.0" classname="resources.BaseClass">
    <ignored/>
  </testcase> <!-- @BeforeTest beforeTest -->
</testsuite> <!-- Tajawal -->
