<?xml version="1.0" encoding="UTF-8"?>
<!-- Generated by org.testng.reporters.JUnitXMLReporter -->
<testsuite hostname="Danzee" ignored="0" name="Almosafer1" tests="1" failures="1" timestamp="29 Sep 2019 07:12:07 GMT" time="108.967" errors="0">
  <testcase name="scenario1" time="85.752" classname="tests.Scenario1">
    <failure type="org.openqa.selenium.NoSuchElementException" message="Unable to locate element: //li[text()=&amp;apos;Ms.&amp;apos;]
For documentation on this error, please visit: http://seleniumhq.org/exceptions/no_such_element.html
Build info: version: &amp;apos;3.14.0&amp;apos;, revision: &amp;apos;aacccce0&amp;apos;, time: &amp;apos;2018-08-02T20:19:58.91Z&amp;apos;
System info: host: &amp;apos;DANZEE&amp;apos;, ip: &amp;apos;192.168.56.1&amp;apos;, os.name: &amp;apos;Windows 10&amp;apos;, os.arch: &amp;apos;amd64&amp;apos;, os.version: &amp;apos;10.0&amp;apos;, java.version: &amp;apos;1.8.0_161&amp;apos;
Driver info: org.openqa.selenium.firefox.FirefoxDriver
Capabilities {acceptInsecureCerts: true, browserName: firefox, browserVersion: 60.0.2, javascriptEnabled: true, moz:accessibilityChecks: false, moz:geckodriverVersion: 0.24.0, moz:headless: false, moz:processID: 25660, moz:profile: C:\Users\Danzee\AppData\Loc..., moz:useNonSpecCompliantPointerOrigin: false, moz:webdriverClick: true, pageLoadStrategy: normal, platform: XP, platformName: XP, platformVersion: 10.0, rotatable: false, timeouts: {implicit: 0, pageLoad: 300000, script: 30000}}
Session ID: 2b8b0c3b-a8f7-4571-b8a6-ac6a539c5013
*** Element info: {Using=xpath, value=//li[text()=&amp;apos;Ms.&amp;apos;]}">
      <![CDATA[org.openqa.selenium.NoSuchElementException: Unable to locate element: //li[text()='Ms.']
For documentation on this error, please visit: http://seleniumhq.org/exceptions/no_such_element.html
Build info: version: '3.14.0', revision: 'aacccce0', time: '2018-08-02T20:19:58.91Z'
System info: host: 'DANZEE', ip: '192.168.56.1', os.name: 'Windows 10', os.arch: 'amd64', os.version: '10.0', java.version: '1.8.0_161'
Driver info: org.openqa.selenium.firefox.FirefoxDriver
Capabilities {acceptInsecureCerts: true, browserName: firefox, browserVersion: 60.0.2, javascriptEnabled: true, moz:accessibilityChecks: false, moz:geckodriverVersion: 0.24.0, moz:headless: false, moz:processID: 25660, moz:profile: C:\Users\Danzee\AppData\Loc..., moz:useNonSpecCompliantPointerOrigin: false, moz:webdriverClick: true, pageLoadStrategy: normal, platform: XP, platformName: XP, platformVersion: 10.0, rotatable: false, timeouts: {implicit: 0, pageLoad: 300000, script: 30000}}
Session ID: 2b8b0c3b-a8f7-4571-b8a6-ac6a539c5013
*** Element info: {Using=xpath, value=//li[text()='Ms.']}
at org.openqa.selenium.remote.http.W3CHttpResponseCodec.createException(W3CHttpResponseCodec.java:187)
at org.openqa.selenium.remote.http.W3CHttpResponseCodec.decode(W3CHttpResponseCodec.java:122)
at org.openqa.selenium.remote.http.W3CHttpResponseCodec.decode(W3CHttpResponseCodec.java:49)
at org.openqa.selenium.remote.HttpCommandExecutor.execute(HttpCommandExecutor.java:158)
at org.openqa.selenium.remote.service.DriverCommandExecutor.execute(DriverCommandExecutor.java:83)
at org.openqa.selenium.remote.RemoteWebDriver.execute(RemoteWebDriver.java:548)
at org.openqa.selenium.remote.RemoteWebDriver.findElement(RemoteWebDriver.java:322)
at org.openqa.selenium.remote.RemoteWebDriver.findElementByXPath(RemoteWebDriver.java:424)
at org.openqa.selenium.By$ByXPath.findElement(By.java:353)
at org.openqa.selenium.remote.RemoteWebDriver.findElement(RemoteWebDriver.java:314)
at org.openqa.selenium.support.pagefactory.DefaultElementLocator.findElement(DefaultElementLocator.java:69)
at org.openqa.selenium.support.pagefactory.internal.LocatingElementHandler.invoke(LocatingElementHandler.java:38)
at com.sun.proxy.$Proxy15.click(Unknown Source)
at PageMethods.FlightDetailsPage.fillContactDetails(FlightDetailsPage.java:51)
at tests.Scenario1.scenario1(Scenario1.java:25)
... Removed 30 stack frames]]>
    </failure>
  </testcase> <!-- scenario1 -->
</testsuite> <!-- Almosafer1 -->
