<?xml version="1.0" encoding="UTF-8"?>
<!-- Generated by org.testng.reporters.JUnitXMLReporter -->
<testsuite hostname="Danzee" ignored="0" name="Tajawal2" tests="1" failures="1" timestamp="29 Sep 2019 07:10:18 GMT" time="69.699" errors="0">
  <testcase name="scenario2" time="42.761" classname="tests.Scenario2">
    <failure type="java.lang.NumberFormatException" message="empty String">
      <![CDATA[java.lang.NumberFormatException: empty String
at sun.misc.FloatingDecimal.readJavaFormatString(FloatingDecimal.java:1842)
at sun.misc.FloatingDecimal.parseDouble(FloatingDecimal.java:110)
at java.lang.Double.parseDouble(Double.java:538)
at resources.Utilities.SplitCurrencyValueString(Utilities.java:78)
at PageMethods.FlightListingPage.comparePrices(FlightListingPage.java:180)
at tests.Scenario2.scenario2(Scenario2.java:19)
... Removed 26 stack frames]]>
    </failure>
  </testcase> <!-- scenario2 -->
</testsuite> <!-- Tajawal2 -->
